Cell Toolbar:
In [ ]:

import re, pprint, nltk, pickle, itertools, random

In [ ]:

stream = "^todos/everybody_NP<s><(CPrep><P_a)><ton>/everybody_NP<s><(CPrep><P_a)><comp>/everybody_NP<s><(CPrep><P_de)><ton>/everybody_NP<s><(CPrep><P_de)><comp>/everybody_NP<s><Acc><ton>/everybody_NP<s><Acc><comp>/everybody_NP<s><Nom><ton>/everybody_NP<s><Nom><comp>$ ^escuchados/listen_V2<s><(VPart><Masc><Pl)>$ "

In [ ]:

def to_dict(l):

    d = {}

    for i in l:

        for j in i[1:]:

            try:

                d[i[0][0]].append({'lemma': j[0], 'analyses': j[1:]})

            except:

                d[i[0][0]] = [{'lemma': j[0], 'analyses': j[1:]}]

    return d

In [ ]:

def partition_stream(stream):

    stream = stream.split("$")[:-1]

    stream = map(lambda x: x.split("/"), stream)

    for i in stream:

        i[0] = re.sub(r"\s*\^", "", i[0]) + " "

        i[1:] = map(lambda x: re.sub("(?:><|\(|\)|<|>)", " ", x), i[1:])

    stream = map(lambda x: map(lambda y: re.split(r"\s+", y)[:-1], x), stream)

    for i in stream:

        i[1:] = map(lambda x: [tuple(x[0].split("_"))] + x[1:], i[1:])

    return to_dict(stream)

In [ ]:

d = partition_stream(stream)

In [ ]:

pprint.pprint(d, width=100)

In [ ]:

def tag_substitute(d, old, new):

    for i in d:

        for n, j in enumerate(d[i]):

            if j['lemma'][1] == old or (callable(old) and old(j['lemma'][1]) == True):

                take = j['lemma'][1]

                d[i][n]['lemma'] = d[i][n]['lemma'][0]

                if new != "!":

                    d[i][n]['analyses'].append(take)

                

    for i in d:

        for n, j in enumerate(d[i]):

            for m, k in enumerate(j['analyses']):

                if k == old or (callable(old) and old(k) == True):

                    if new == "!":

                        del(d[i][n]['analyses'][m])

                    else:

                        d[i][n]['analyses'][m] = new

    return d

In [ ]:

def expand_stream(d):

    stream = ""

    for i in d.keys():

        stream += "^%s/" % i

        for k in d[i]:

            stream += "%s" % k['lemma']

            for j in k['analyses']:

                stream += "<%s>" % (j)

            stream += "/"

            stream = stream[:-1]

        stream += "$ "

    return stream

In [ ]:

gf_ap = {

    lambda x: x.lower() == x: "!",

    "V2": "vblex",

    "NP": "!",

    "Masc": "m",

    "VPart": "pp",

    "Pl": "pl",

    "P_a": "pa",

    "P_de": "pde",

    "CPrep": "pr",

    "Acc": "!",

    "Nom": "!"

}

In [ ]:

for i in gf_ap:

    tag_substitute(d, i, gf_ap[i])

In [ ]:

expand_stream(d)

In [ ]:

pprint.pprint(d, width=100)

In [ ]:

print_raw_tags(stream)

In [ ]:

def print_raw_tags(s):

    return map(lambda x: re.sub(r"\)", "", x), re.findall(r"<(\w+\)*)>", s))

In [ ]:

#

# Learning begins here

# Om and shit

#

In [ ]:

cd ~/Dev/FOSS/GF-master/lib/src/spanish/

In [ ]:

def reconstruct_sentence(s):

    return " ".join(re.findall(r"\^(.*?)/", s))

In [ ]:

ap_f = open("apstreams")

gf_f = open("gfstreams")

In [ ]:

ap_lines = ap_f.read().split("\n\x00")

gf_lines = gf_f.read().split("\n\n")

In [ ]:

ap_set, gf_set = set(map(reconstruct_sentence, ap_lines)),  set(map(reconstruct_sentence, gf_lines))

In [ ]:

final_set = ap_set & gf_set

In [ ]:

ap_f = open("ap.final", "w")

gf_f = open("gf.final", "w")

In [ ]:

ap_gf = zip(ap_lines, gf_lines, map(reconstruct_sentence, ap_lines))

In [ ]:

nltk.word_tokenize(ap_gf[14][2])

In [ ]:

i = ap_gf[10]

In [ ]:

tag_mapping = []

In [ ]:

for i, j, k in ap_gf:

    tag_mapping.append(get_tag_mapping(i, j))

In [ ]:

ap, gf, s = ap_gf[19]

In [ ]:

 

In [ ]:

def get_tag_mapping(ap, gf):

    # more ghetto than lamantanda

    out = []

    r = re.findall(r"\^(.*?)/[^<]*(.*?)\$", ap)

    #print r

    s = []

    for i in r:

        gf_temp = re.findall(r"\^(%s)/[^_<]*_([^<]*)(.*?)\$" % i[0], gf)

        if gf_temp == []:

            continue

        else:

            #print gf_temp

            out.append((i[1], "<%s>%s" % (gf_temp[0][1], gf_temp[0][2])))

    return out   

In [ ]:

tag_mapping2 = []

for i in tag_mapping:

    tag_mapping2.append(map(lambda x: (re.sub(r"/([^<]*)<", "", x[0]), re.sub(r"/([^<]*)<", "", x[1])), i))

In [ ]:

tag_mapping2[:10]

In [ ]:

f = open("tags.pickle")

f.close()

In [ ]:

final_mapping = pickle.load(f)

In [ ]:

for n, i in enumerate(final_mapping):

    final_mapping[n] = map(lambda x: (x[0], re.sub(r"\)>", ">", x[1])), i)

In [ ]:

final_mapping[:10]

In [ ]:

flat_list = [item for sublist in final_mapping for item in sublist]

In [ ]:

new_flat = map(lambda x: (re.sub(r"\s$", "", x[0]), re.sub(r"\s$", "", x[1])), new_flat)

In [ ]:

final_flat2 = map(lambda x: (x[0].split(" "), x[1].split(" ")), new_flat)

In [ ]:

final_flat = map(lambda x: tuple(x), final_flat)

In [ ]:

f = open("final_tag_list.pickle")

final_flat = pickle.load(f)

f.close()

In [ ]:

final_flat[:10]

In [ ]:

#

# I have my list, and my poetry to protect me

#

In [ ]:

a = [1, 2, 3]

for i in itertools.combinations(a, 1):

    print i

In [ ]:

gf_taglist = gf_tags

In [ ]:

def tag_features(gf_tag, assigned=[]):

    out = {}

    l = len(gf_tag)

    

    for i in gf_tag:

        out['present(%s)' % i] = True

        

    for i in assigned:

        out['assigned(%s)' % i] = True

 

    return out

In [ ]:

def features_to_tags(d):

    out = []

    l = len(d.keys())

    for i in range(1, 3):

        for j in itertools.combinations(d.keys(), i+1):

            out.append(map(lambda x: re.findall(r"\((.*?)\)", x)[0], j))

    return str(out)

In [ ]:

tag_features(['0', 's', 'Fem', 'Masc', 'NCard'])

In [ ]:

f = open("/home/vinit/Dev/FOSS/Apertium/apertium-en-es/apertium-en-es.es.dix").read()

ap_tags = re.findall(r'<sdef n="(.*?)"', f)

In [ ]:

def split(arr, s):

    random.shuffle(arr)

    n = int(len(arr) * s)

    return arr[:n], arr[n:]

In [ ]:

gf_tags = []

for (ap, gf) in final_flat:

    gf_tags.extend(gf)

In [127]:

banned = []

for n in range(len(ap_tags)):

    for m in range(n, len(ap_tags)):

        banned.append((ap_tags[n], ap_tags[m]))

In [129]:

banned[:10]

Out[129]:

[('acr', 'acr'),
 ('acr', 'predet'),
 ('acr', 'detnt'),
 ('acr', 'loc'),
 ('acr', 'ant'),
 ('acr', 'al'),
 ('acr', 'cog'),
 ('acr', 'atn'),
 ('acr', 'enc'),
 ('acr', 'pro')]

In [130]:

allowed = []

for i in map(lambda x: x[0], final_flat[:10]):

    for j in banned:

        if j[0] and j[1] in i:

            allowed.append((j[0], j[1]))

In [132]:

banned = set(banned) - set(allowed)

In [134]:

banned

. . .
In [ ]:

for i in ap_tags:

    out = {}

    tot_acc = 0

    featuresets = [(tag_features(gf), "yes" if i in ap else "no") for (ap, gf) in final_flat]

    

    for j in range(5):

        train, test = split(featuresets, 0.8)

        classifier = nltk.NaiveBayesClassifier.train(train)

        accuracy = nltk.classify.accuracy(classifier, test)

        tot_acc += accuracy

        

    tot_acc /= 5

    print "%10s => %4s => %s" % (i, len(filter(lambda x: x[1] == "yes", featuresets)), format(tot_acc, '.3f'))

    out[i] = tot_acc

 

In [90]:

featuresets = [(tag_features(gf), "yes" if "predet" in ap else "no") for (ap, gf) in final_flat]

train, test = split(featuresets, 0.8)

classifier = nltk.NaiveBayesClassifier.train(train)

In [ ]:

dir(classifier)

In [ ]:

classifier.prob_classify(tag_features(['Predet', 'comp', 'ton'])).prob('no')

In [ ]:

dir(classifier.prob_classify(tag_features(['Predet', 'comp', 'ton'])))

In [ ]:

final_flat[:10]

In [151]:

out = {}

first, second = split(final_flat, 0.8)

 

for i in ap_tags:

    tot_acc = 0

    train = [(tag_features(gf), "yes" if i in ap else "no") for (ap, gf) in first]

    classifier = nltk.NaiveBayesClassifier.train(train)

 

    for x, j in enumerate(second):

        if classifier.classify(tag_features(j[1])) == "yes":

            try:

                out[str(j[1])].append((i, classifier.prob_classify(tag_features(j[1])).prob('yes')))

                out[str(j[1])] = list(set(out[str(j[1])]))

            except:

                out[str(j[1])] = [(i, classifier.prob_classify(tag_features(j[1])).prob('yes'))]

    

    #accuracy = nltk.classify.accuracy(classifier, test)

    #tot_acc += accuracy

        

    #tot_acc /= 5

    #print "%10s => %4s => %s" % (i, len(filter(lambda x: x[1] == "yes", featuresets)), format(tot_acc, '.3f'))

In [159]:

for i in out:

    tags = sorted(out[i], key=lambda x: x[1], reverse=True)

    print i, tags

    #for j in tags:

    #    for k in banned:

['p', 'CAdv'] [('sp', 0.9998079577653696), ('mf', 0.999763277731544), ('cnjsub', 0.9995420160618979), ('an', 0.9995420160618979), ('rel', 0.9995420160618979), ('cnjcoo', 0.9922513344021249)]
['1', 's', 'Fem', 'Masc', 'NCard'] [('num', 0.999998988075544), ('ind', 0.9658890401408473), ('dem', 0.9454365410083985), ('vbhaver', 0.8703626160824134), ('preadv', 0.8461115473601972), ('pron', 0.829030033351046), ('cm', 0.7568371409612343), ('det', 0.6686164435500486), ('pp', 0.6468477539680372), ('qnt', 0.5949834438058498)]
['s', 'PN'] [('sg', 0.9847903467310709), ('m', 0.9840695901487714), ('ant', 0.982318093162316), ('np', 0.982318093162316), ('vblex', 0.517396954856068), ('pri', 0.5136546539693067), ('p2', 0.5131791677408507), ('pl', 0.5130401806586417)]
['Acc', 'Nom', 'comp', 'P_a', 'Pron', 's', 'ton', 'P_de', 'CPrep'] [('prn', 0.9999999993249032), ('tn', 0.9999999707006593), ('m', 0.9999987209510407), ('sg', 0.9999608123957263), ('predet', 0.9973783041511901), ('nt', 0.9942361274225217), ('pl', 0.9478118782892337), ('p3', 0.9398462054151627), ('p2', 0.8724354101221644)]
['A', 'Superl', 'AA', 'Compar', 'AF', 'Fem', 's', 'Masc', 'Sg', 'Pl'] [('preadv', 0.9999999670026287), ('mf', 0.9999998539871752), ('qnt', 0.9999990438371054), ('det', 0.9999977489207766), ('adj', 0.9999973352376355), ('sp', 0.999992711505203), ('pron', 0.9997775496838289), ('cm', 0.9986482037432819), ('pp', 0.9972470965105157), ('dem', 0.9968081920760863), ('vbhaver', 0.9960825006387127), ('sg', 0.8598647427235591)]
['Acc', 'Nom', 'IP', 'P_a', 's', 'P_de', 'CPrep'] [('prn', 0.9999999756397824), ('sg', 0.9999818837951208), ('itg', 0.9995896590815074), ('mf', 0.997285161435302), ('tn', 0.996533721668819), ('m', 0.9944789215571186), ('predet', 0.9180982117616583), ('nt', 0.8784352263814805), ('ind', 0.7958379823682192), ('def', 0.7575663711431203), ('dem', 0.668768666921301)]
['Sg', 'V2', 'Fem', 'VPart', 's'] [('pp', 0.9999824887653523), ('vblex', 0.9993392344246946), ('sg', 0.9869778360458091), ('f', 0.9831095046479214), ('cm', 0.9344575176664036), ('adj', 0.9187086101776148), ('pron', 0.9126163186345635), ('m', 0.6407501137929383)]
['Acc', 'Nom', 'Sg}', 'Fem;', 'Pl}', 'n', 's', '{g', 'Predet', 'P_de', 'P_a', '=', 'Masc;', 'CPrep'] [('def', 0.999999999998419), ('pro', 0.999999999927958), ('predet', 0.9999972799476744), ('prn', 0.9999963088379827), ('sg', 0.9999903136086938), ('f', 0.9999888799942399), ('nt', 0.999981789849149), ('dem', 0.9999042528125899), ('vbhaver', 0.9994573621419256), ('p3', 0.9993746716769285), ('tn', 0.994214309107941), ('n', 0.9746356769252648), ('det', 0.9504424868988168), ('ind', 0.9427041933592439), ('p2', 0.935651750563273), ('imp', 0.752325861175404), ('pri', 0.752325861175404)]
['P3', 'VFin', 'SgP2', 'VPres', 'Indic', 's', 'V', 'Sg', 'VImper'] [('imp', 0.9999999998290052), ('vblex', 0.9999999774611201), ('vbmod', 0.99999994841846), ('p3', 0.9999999345613794), ('cm', 0.9999998580248857), ('prs', 0.9999995683814267), ('p2', 0.9999987529639467), ('pri', 0.9999959898012668), ('vbhaver', 0.9999933292514007), ('p1', 0.9999303601538554), ('dem', 0.9997900087551154), ('ger', 0.9994744075436169), ('sg', 0.999256520984481), ('def', 0.9722048631410805), ('pron', 0.9129757683370755), ('ind', 0.8222659548118678), ('pro', 0.74858054334701), ('vbser', 0.6056925840205358)]
['VInfin', 'False', 's', 'True', 'VV'] [('inf', 0.9999998832327728), ('vblex', 0.9999865863766968), ('vbmod', 0.9997399855284789), ('dem', 0.9990470442318944), ('vbhaver', 0.9894103166925744), ('ger', 0.9784416164562345), ('ind', 0.8986283760082563), ('cm', 0.8954603183451982), ('n', 0.7848491648005448), ('def', 0.7680563751758636), ('prs', 0.5976914085504355), ('pro', 0.5418343675262142)]
['Masc', 's', 'Fem', '5', 'NCard'] [('num', 0.999999437819496), ('ind', 0.9402312867950989), ('dem', 0.905893590775569), ('vbhaver', 0.7885791460751006), ('preadv', 0.7533642948708026), ('pron', 0.7292818046905426), ('cm', 0.6335855599908032), ('det', 0.5285059092898263), ('pp', 0.5043561486199148)]
['s', 'CAdv'] [('mf', 0.956879453046303), ('sp', 0.9560713458195957), ('det', 0.5323426366989451), ('qnt', 0.5284046288114794), ('adv', 0.5089201353847553)]
['sp', 'Masc', 'comp', 'Fem', 's', 'ton', 'NP', 'P_de', 'CPrep'] [('prn', 0.9999940806589713), ('m', 0.9999803240380037), ('tn', 0.9997535956174173), ('sg', 0.9987752181567044), ('pr', 0.8354679230143836), ('pl', 0.8046807154934017), ('ind', 0.6073454360182485), ('sp', 0.5802351341554975)]
['s2', 'Conj'] [('cnjcoo', 0.9995861779525613)]
['comp', 's', 'ton', 'NP', 'P_de', 'CPrep'] [('prn', 0.9999944488946614), ('tn', 0.9999911201194162), ('m', 0.9999507771212185), ('sg', 0.9976471684112541), ('predet', 0.9922002404715152), ('nt', 0.9712653349960935), ('p2', 0.6018439436265316), ('p3', 0.5766832577028778), ('pr', 0.5354678916859089), ('pl', 0.5312400341309409)]
['Acc', 'Nom', 'Sg}', 'comp', 'n', 's', 'Predet', 'ton', '{g', 'P_de', 'P_a', '=', 'Masc;', 'CPrep'] [('prn', 0.9999999946348791), ('def', 0.999999976317338), ('predet', 0.9999999181755079), ('nt', 0.9999999090140218), ('tn', 0.9999994606955475), ('pro', 0.9999989189807013), ('sg', 0.9999985612916306), ('m', 0.999936268057427), ('p3', 0.9977903994364149), ('dem', 0.9935902588970843), ('sp', 0.9911759509992626), ('vbhaver', 0.9647134103262544), ('p2', 0.9389679318674334), ('f', 0.9173689982458713), ('pri', 0.725104222882347), ('imp', 0.725104222882347)]
['8', 's', 'Fem', 'Masc', 'NCard'] [('num', 0.999999610798042), ('ind', 0.9159013987827362), ('dem', 0.8695256201783974), ('vbhaver', 0.7208450663118948), ('preadv', 0.6789415291854073), ('pron', 0.6509589463856251), ('cm', 0.5448553899489625)]
['P3', 'Conjunct', 'P1', 'VFin', 'VPres', 's', 'V', 'Sg'] [('prs', 0.9999999999348076), ('imp', 0.9999999991880986), ('p1', 0.9999999955989023), ('vblex', 0.999999857491078), ('vbmod', 0.9999996922304029), ('p3', 0.9999972929999382), ('cm', 0.9999676344455936), ('vbhaver', 0.9998772290377885), ('dem', 0.9980730570071737), ('sg', 0.9964378756448744), ('ger', 0.9961501620222886), ('def', 0.8696426087994686), ('pron', 0.7885683821432112), ('p2', 0.7218479001612556), ('pri', 0.7020169744022557), ('ind', 0.5815878937648921)]
['P3', 'Conjunct', 'P1', 'VFin', 'VPres', 's', 'VV', 'Sg'] [('prs', 0.9999999999727321), ('imp', 0.9999999996513985), ('p1', 0.9999999981593989), ('vbmod', 0.9999999946852974), ('vblex', 0.9999999268585914), ('p3', 0.9999976833501408), ('cm', 0.9998533388271311), ('vbhaver', 0.9998221171864757), ('sg', 0.9980465209022108), ('dem', 0.9972103124494821), ('ger', 0.9942787871517438), ('def', 0.8215585854102), ('pron', 0.7202008126343273), ('p2', 0.707343217547013), ('pri', 0.5912699707881921), ('pl', 0.5064661895482132)]
['Masc', 'comp', 'Fem', 's', 'ton', 'NP', 'P_de', 'Sg', 'Pl', 'CPrep'] [('prn', 0.9999888568751095), ('m', 0.9999886576975677), ('sg', 0.9997582478231858), ('sp', 0.9976995011731703), ('tn', 0.9141833559355368), ('pr', 0.5689789214439006)]
['A', 'Superl', 'Masc', 'Compar', 'AF', 'Fem', 's', 'Posit', 'Sg'] [('adj', 0.9999999837476717), ('mf', 0.9999962690283976), ('pron', 0.9999675521894753), ('preadv', 0.9998707738557199), ('pp', 0.9994606930119841), ('qnt', 0.9991808365057929), ('sg', 0.9989110901903573), ('sp', 0.9982429789299669), ('cm', 0.9970778377137861), ('det', 0.9951655579175344), ('vbhaver', 0.9793034789975995), ('dem', 0.9581164998955339), ('m', 0.6806019313206768)]
['sp', 'Masc', 'comp', 'Fem', 's', 'ton', 'NP', 'P_de', 'Sg', 'Pl', 'CPrep'] [('m', 0.999993721742538), ('prn', 0.9999919184358834), ('sg', 0.9997377706989019), ('sp', 0.9766828801736055), ('tn', 0.9547926377123018), ('dem', 0.824356116603789), ('pr', 0.8116488904433472)]
['s', 'Pl', 'N'] [('n', 0.9853918552693682), ('pl', 0.7517828424007184), ('f', 0.6674656341343657), ('m', 0.6673993935790344), ('sg', 0.6203987568923318)]
['Conjunct', 'P1', 'V2V', 'VPres', 's', 'PlP1', 'VImper', 'Pl', 'VFin'] [('prs', 0.9999999999996921), ('p1', 0.9999999998540888), ('imp', 0.9999999998421651), ('vbmod', 0.9999999982370703), ('vbhaver', 0.9999998536987659), ('vblex', 0.9999997570168546), ('cm', 0.9999978384878695), ('pl', 0.9999973606647575), ('dem', 0.9999972729335213), ('ger', 0.9999372123352255), ('def', 0.9993733725931343), ('p3', 0.9947895950468074), ('pro', 0.9926878742807053), ('ind', 0.9859234422592769), ('vbser', 0.9859234422592769), ('pron', 0.9851256949252208), ('loc', 0.9563074133538773), ('sg', 0.6998437680993452)]
['3', 'Fem', 'Masc', 's', 'NCard'] [('num', 0.9999983134603768), ('ind', 0.9792503073107426), ('dem', 0.9665314609007786), ('vbhaver', 0.9179635746205937), ('preadv', 0.9016105269080513), ('pron', 0.8898876586814822), ('cm', 0.8383825390241527), ('det', 0.7707868829670919), ('pp', 0.7532529411697498), ('qnt', 0.7100097205600978), ('mf', 0.5483334260404421), ('ger', 0.5063838177555283)]
['A', 'Superl', 'Masc', 'Compar', 'AF', 's', 'Posit', 'Sg'] [('adj', 0.9999999578792305), ('mf', 0.9999734801600323), ('pron', 0.9998946399084504), ('preadv', 0.9985777694594985), ('sg', 0.9985090370399893), ('pp', 0.9976301679045155), ('qnt', 0.9969353256988512), ('sp', 0.9917285496350047), ('cm', 0.986526659329308), ('det', 0.9633705790920533), ('vbhaver', 0.9534890963109416), ('dem', 0.8680440035077831), ('m', 0.772684950772444), ('an', 0.6365311723099047), ('rel', 0.6365311723099047), ('cnjsub', 0.6365311723099047), ('p1', 0.5986028562694334), ('vblex', 0.5113827534752851)]
['Superl', 'Masc', 'Compar', 'AF', 's', 'A2', 'Posit', 'Sg'] [('adj', 0.99999999514973), ('pron', 0.9999999210702714), ('pp', 0.9999906845513253), ('sg', 0.9998280865547822), ('mf', 0.9997223619811619), ('preadv', 0.9957454103930475), ('cm', 0.9929854051577931), ('vbhaver', 0.9918457422972902), ('qnt', 0.9908619871627646), ('vblex', 0.9874204939544978), ('dem', 0.9750194542073678), ('sp', 0.9588214649278407), ('m', 0.9506465902015948), ('det', 0.8976125251035265), ('an', 0.5123760291973314), ('rel', 0.5123760291973314), ('cnjsub', 0.5123760291973314)]
['Acc', 'Nom', 'Masc', 'sp', 'Det', 'P_a', 's', 'P_de', 'CPrep'] [('prn', 0.99999938686606), ('det', 0.999995376989798), ('m', 0.9999878090411374), ('ind', 0.9999781360942182), ('tn', 0.9998909917799335), ('sg', 0.999706750197322), ('qnt', 0.9974725283904712), ('pl', 0.988656768368846), ('dem', 0.9827644897382324), ('mf', 0.9821246543583791), ('def', 0.8505309326957953)]
['Adv', 's'] [('adv', 0.6594106218452619)]
['s', 'IAdv'] [('itg', 0.6631889240223275), ('sg', 0.6154960448065514)]
['N2', 's', 'Pl'] [('n', 0.9936866659165716), ('sg', 0.8783577214974654), ('m', 0.7339552032324759), ('f', 0.5934889947697846), ('p1', 0.5281017930548464)]
['s', 'Prep'] [('pr', 0.8306689079883697)]
['Sg}', 'Fem;', 'n', 's', '{g', 'Ord', '=', 'Masc;'] [('f', 0.9999999530725258), ('def', 0.9999999292433478), ('n', 0.999999515427898), ('pro', 0.9999994192078907), ('adj', 0.9999992683457954), ('vbhaver', 0.9994822828802257), ('sg', 0.9966704498268705), ('nt', 0.9778838306032112), ('dem', 0.9760572170353128), ('predet', 0.9560485065865377), ('cm', 0.9184722085730178), ('ger', 0.9184722085730178), ('pr', 0.8582983928268445), ('p3', 0.8362616370277497)]
['True', 'Fem', 'Masc', 'Fem;', 'comp', 'Pl}', 'sp', 'n', 's', 'Quant', '{g', 'Masc;', 'ton', 'Sg', 'False', 'P_de', '=', 'Sg}', 'Pl', 'CPrep'] [('dem', 0.9999999999899035), ('def', 0.9999999999162387), ('vbhaver', 0.9999999995422704), ('pro', 0.9999999560781336), ('ind', 0.9999885121507894), ('pr', 0.9999550274858776), ('cm', 0.9998665992612966), ('f', 0.9998075217190301), ('sg', 0.9998068448983269), ('det', 0.9993768526626208), ('prn', 0.9993365642843653), ('ger', 0.9952440547917044), ('m', 0.6858581934388667)]
['AdV', 's'] [('adv', 0.9821190431224043)]
['Masc', 'Fem;', 'comp', 'Pl}', 'Fem', 'n', 's', 'Predet', 'Pl', 'ton', 'Sg', '{g', 'P_de', '=', 'Sg}', 'Masc;', 'CPrep'] [('def', 0.9999999967789949), ('pro', 0.9999994238275571), ('vbhaver', 0.9999887642744869), ('sg', 0.999984586729963), ('dem', 0.9999761685701364), ('prn', 0.9995153762520136), ('f', 0.9993712621303631), ('pr', 0.9990930370304357), ('sp', 0.9789030414102053), ('cm', 0.8275006962592151), ('adj', 0.6381357066818364)]
['Acc', 'Nom', 'Fem', 'P_a', 's', 'IDet', 'P_de', 'CPrep'] [('prn', 0.999999914708936), ('m', 0.9999519584548155), ('itg', 0.9997112049276756), ('det', 0.9996424274150602), ('sg', 0.9969541222697819), ('ind', 0.9965125474700488), ('tn', 0.9950099734575119), ('pl', 0.9880656039966759), ('dem', 0.9840331986298658), ('preadv', 0.9608357230253238), ('def', 0.9474614785135482), ('sp', 0.9442866282545375), ('mf', 0.9187239106498736), ('nt', 0.8298388766919514), ('predet', 0.8005864438776283), ('pro', 0.7724746274083273)]
['A', 'Superl', 'AA', 'Compar', 's', 'Posit'] [('adj', 0.9999712345846302), ('mf', 0.9997339767356361), ('cm', 0.992594720276858), ('qnt', 0.9897897617258161), ('pron', 0.9826500514679365), ('sp', 0.9812178630965316), ('preadv', 0.9783917071466388), ('an', 0.9706438637670278), ('cnjsub', 0.9706438637670278), ('rel', 0.9706438637670278), ('vbhaver', 0.9322425879754376), ('det', 0.7614413477790771), ('sg', 0.6386723791869314), ('pp', 0.5809738660335669), ('dem', 0.5380942301564529)]
['s', 'Sg', 'N'] [('n', 0.9931120529654263), ('sg', 0.9275747100745902), ('f', 0.7771243087259965), ('m', 0.6522598899475991)]
['N2', 'Sg', 's'] [('n', 0.9970363578938363), ('sg', 0.9826344027662487), ('m', 0.7205768396179102), ('f', 0.7172069594485894), ('p1', 0.6308613574636024), ('vblex', 0.6044472318849058)]
['Masc', 'V2', 'VPart', 's', 'Pl'] [('pp', 0.9999657902395572), ('vblex', 0.9985923389195798), ('sg', 0.9149193340996026), ('m', 0.8705249800718421), ('pl', 0.8277141840284175), ('pron', 0.7876489805797738), ('adj', 0.7656435207278097), ('dem', 0.5536471154306934)]
['Acc', 'Nom', 'Masc', 'Fem', 'P_a', 's', 'IQuant', 'P_de', 'Sg', 'Pl', 'CPrep'] [('prn', 0.9999999576930367), ('preadv', 0.9999998807774805), ('det', 0.9999997105408688), ('m', 0.9999994541792824), ('itg', 0.999998517125279), ('sg', 0.9999983929231637), ('sp', 0.9999979178673722), ('mf', 0.9999977054187037), ('dem', 0.9983961750463871), ('ind', 0.9915539146494033), ('qnt', 0.7730301963132138)]
['V2', 'Fem', 'VPart', 's', 'Pl'] [('pp', 0.9999634025650205), ('vblex', 0.9983008959897474), ('f', 0.9710196306254902), ('sg', 0.9062954024694526), ('cm', 0.8153081643943773), ('pron', 0.7602632420378319), ('pl', 0.694605704425563), ('adj', 0.668206311980491), ('m', 0.656126535560296)]
['s', 'Fem', 'Masc', '4', 'NCard'] [('num', 0.9999992771966076), ('ind', 0.9528874775421564), ('dem', 0.9252427627904805), ('vbhaver', 0.8274549766874725), ('preadv', 0.7970488986816466), ('pron', 0.7759634549458855), ('cm', 0.6897486403946487), ('det', 0.5903619469242585), ('pp', 0.5667834189952926), ('qnt', 0.5120310265850385)]
['Sg', 'VPart', 'V2', 'Masc', 's'] [('pp', 0.9999836312463792), ('vblex', 0.9994526714871215), ('sg', 0.9882723937777053), ('adj', 0.9482757486706714), ('pron', 0.9243305762557057), ('m', 0.8627297544454785), ('cm', 0.6943908572653961)]
['VInfin', 'False', 's', 'True', 'V'] [('inf', 0.9999996701167007), ('vblex', 0.9999738651892816), ('dem', 0.9993421320442729), ('vbhaver', 0.9926675670251885), ('ger', 0.9854172593068204), ('vbmod', 0.9851623537600013), ('cm', 0.9748865058841605), ('ind', 0.927770506495176), ('def', 0.8275309015582727), ('pro', 0.631484163361109), ('vbser', 0.5647482034834476)]
['Acc', 'Nom', 'Sg}', 'n', 's', '{g', 'Predet', 'P_de', 'P_a', '=', 'Masc;', 'CPrep'] [('def', 0.9999999977879868), ('pro', 0.9999999507053372), ('prn', 0.9999990873383796), ('nt', 0.9999984329070367), ('predet', 0.9999979963950487), ('sg', 0.9999870677921436), ('tn', 0.9998103585756489), ('f', 0.9990280312016862), ('dem', 0.9981513804132859), ('m', 0.9946993346008037), ('p3', 0.9934296558977551), ('sp', 0.9870901024353859), ('vbhaver', 0.9595952716997551), ('det', 0.8915334659203388), ('ind', 0.8664597516947663), ('p2', 0.8186986459488134), ('pri', 0.5327917792079733), ('imp', 0.5327917792079733), ('n', 0.5049937530768637)]
['s', 'Fem', 'Masc', 'NCard', '7'] [('num', 0.999999437819496), ('ind', 0.9402312867950989), ('dem', 0.905893590775569), ('vbhaver', 0.7885791460751006), ('preadv', 0.7533642948708026), ('pron', 0.7292818046905426), ('cm', 0.6335855599908032), ('det', 0.5285059092898263), ('pp', 0.5043561486199148)]
['s2', 's1', 'DConj'] [('cnjcoo', 0.9999913720839214)]
['Sg}', 'Fem;', 'comp', 'Pl}', 'n', 's', 'Predet', 'ton', '{g', 'P_de', '=', 'Masc;', 'CPrep'] [('def', 0.9999999994808421), ('pro', 0.9999999778650084), ('predet', 0.9999931039188233), ('nt', 0.999949886806816), ('sg', 0.9998496945702), ('f', 0.9998138164596008), ('prn', 0.9997585204440095), ('vbhaver', 0.9997249911736684), ('p3', 0.9991718907405175), ('pr', 0.9989614860375892), ('dem', 0.9916070277963648), ('tn', 0.991423885939157), ('p2', 0.9290261350043905), ('imp', 0.7617607631237462), ('pri', 0.7617607631237462)]
['Acc', 'P_a', 'Pron', 's', 'c2', 'c1', 'CPrep'] [('prn', 0.9999991681270742), ('pro', 0.999994866788422), ('dem', 0.9998455732154184), ('def', 0.9996518030699637), ('pl', 0.9995145337451249), ('tn', 0.9994737337189845), ('ind', 0.9992601583059577), ('mf', 0.9990854565825636), ('vbhaver', 0.9977252379997695), ('p1', 0.9904050870899034), ('m', 0.9883151664412447), ('nt', 0.9856036858208836), ('predet', 0.9618074683869549), ('sg', 0.9550040106356189), ('p3', 0.9426279891776028), ('p2', 0.8989807968231447), ('cm', 0.8650542346404687), ('ger', 0.8650542346404687), ('itg', 0.8149135980033874), ('preadv', 0.8094089197169682), ('det', 0.6289926787681649), ('qnt', 0.5534782141655882), ('sp', 0.5021814752249559)]
['Acc', 'Nom', 'comp', 'Pl}', 'n', 's', 'Predet', 'ton', '{g', 'P_de', 'P_a', '=', 'Masc;', 'CPrep'] [('prn', 0.9999999931621046), ('def', 0.9999999838426696), ('predet', 0.9999998340078319), ('pro', 0.999999262481906), ('tn', 0.9999989059477054), ('nt', 0.9999983594977928), ('sg', 0.9999956459436251), ('m', 0.9998843443324071), ('p3', 0.9985970770986498), ('dem', 0.9954132134652937), ('vbhaver', 0.9745385941817177), ('p2', 0.9578986578590385), ('pl', 0.9074534224114035), ('f', 0.8877717153153587), ('sp', 0.861685155700614), ('pri', 0.7959552835652391), ('imp', 0.7959552835652391)]
['Masc', 'comp', 'Fem', 'Pron', 's', 'ton', 'P_de', 'Sg', 'Pl', 'CPrep'] [('prn', 0.9999849151488949), ('m', 0.9998728019584118), ('sg', 0.9994397749492977), ('sp', 0.9790323759490425), ('mf', 0.9764603343448071), ('dem', 0.9183244189588017), ('tn', 0.8606384131907334), ('pr', 0.6411959372807431)]
['s', 'Fem', 'Masc', 'NCard', '6'] [('num', 0.999998988075544), ('ind', 0.9658890401408473), ('dem', 0.9454365410083985), ('vbhaver', 0.8703626160824134), ('preadv', 0.8461115473601972), ('pron', 0.829030033351046), ('cm', 0.7568371409612343), ('det', 0.6686164435500486), ('pp', 0.6468477539680372), ('qnt', 0.5949834438058498)]
['Acc', 'Nom', 'False', 'Fem', 'P_a', 's', 'Quant', 'P_de', 'True', 'Pl', 'CPrep'] [('dem', 0.9999999574329616), ('prn', 0.999998682066446), ('ind', 0.9999778324440125), ('det', 0.999969476905801), ('m', 0.9999180518044773), ('def', 0.9969302425105134), ('sg', 0.9960067788576654), ('tn', 0.994335917007537), ('pl', 0.9908894182772594), ('preadv', 0.9854918516317729), ('vbhaver', 0.9775512980087262), ('pro', 0.9542473140740015), ('itg', 0.9346846924772613), ('sp', 0.7886285144186349), ('mf', 0.570169581121984)]
['P3', 'VFin', 'SgP2', 'VPres', 'Indic', 's', 'VV', 'Sg', 'VImper'] [('imp', 0.9999999999265814), ('vbmod', 0.9999999991092648), ('vblex', 0.9999999884321231), ('p3', 0.999999943997667), ('prs', 0.9999998194910373), ('cm', 0.9999993565811878), ('p2', 0.9999986610303769), ('pri', 0.9999934691213844), ('vbhaver', 0.9999903342503684), ('p1', 0.9999708744634435), ('dem', 0.9996957556563955), ('sg', 0.9995927941816168), ('ger', 0.999217652260795), ('def', 0.9602218236699755), ('pron', 0.8786452497492895), ('ind', 0.7614991178770769), ('pro', 0.6726502948515201), ('vbser', 0.5145913913685416)]
['Acc', 'Nom', 'Masc', 'P_a', 's', 'IDet', 'P_de', 'CPrep'] [('prn', 0.9999999168007063), ('m', 0.9999863659275464), ('det', 0.9996467062625927), ('itg', 0.999638431892516), ('tn', 0.9982799810796961), ('sg', 0.9972596722941427), ('ind', 0.9960646078243749), ('pl', 0.9943142875120486), ('dem', 0.988104073308154), ('preadv', 0.9466646670207233), ('def', 0.9356199556388884), ('sp', 0.9260743279034988), ('mf', 0.8882437435857332), ('nt', 0.7971622437358041), ('predet', 0.763890664507225), ('pro', 0.732335304655857)]
['9', 's', 'Fem', 'Masc', 'NCard'] [('num', 0.9999983134603768), ('ind', 0.9792503073107426), ('dem', 0.9665314609007786), ('vbhaver', 0.9179635746205937), ('preadv', 0.9016105269080513), ('pron', 0.8898876586814822), ('cm', 0.8383825390241527), ('det', 0.7707868829670919), ('pp', 0.7532529411697498), ('qnt', 0.7100097205600978), ('mf', 0.5483334260404421), ('ger', 0.5063838177555283)]
['AA', 'Superl', 'Masc', 'Compar', 'CAdv', 'AF', 'Fem', 's', 'Sg', 'Pl'] [('mf', 0.9999999951460239), ('preadv', 0.9999999925489819), ('sp', 0.999999880855307), ('qnt', 0.999999808767274), ('det', 0.9999995497833446), ('pron', 0.9998375265397128), ('adj', 0.999700908546957), ('dem', 0.997666896194208), ('vbhaver', 0.9971358792913622), ('cm', 0.9969751877513421), ('pp', 0.9895553775872311), ('adv', 0.6240500177206773), ('an', 0.5710138807261057), ('rel', 0.5710138807261057), ('cnjsub', 0.5710138807261057)]
['s', 'Utt'] [('adv', 0.9892742128238239), ('prn', 0.5235868319785433), ('tn', 0.518555281213162), ('p3', 0.5109914672231896)]
['s', 'N3', 'Sg'] [('sg', 0.988307975741333), ('n', 0.9759998897564295), ('f', 0.9719903820366285)]
['Masc', 'Fem;', 'comp', 'Pl}', 'Fem', 'n', 's', 'Predet', 'ton', '{g', 'P_de', '=', 'Sg}', 'Masc;', 'CPrep'] [('def', 0.9999999985096306), ('pro', 0.9999998698441926), ('vbhaver', 0.9999359298447111), ('sg', 0.9999279446800099), ('prn', 0.9996449921088995), ('dem', 0.9994809458795357), ('pr', 0.999230214020131), ('f', 0.9972084769467515), ('predet', 0.994885917562705), ('nt', 0.9895895205480373), ('p3', 0.8204323155308447), ('tn', 0.6775033542470921), ('sp', 0.6049344151730458), ('ind', 0.5297399115536241)]
['s', 'PlP2', 'VV', 'VImper'] [('imp', 0.9999042310795155), ('vblex', 0.9993946458373915), ('vbmod', 0.9986600873746636), ('p2', 0.9985325521384811), ('pl', 0.9976546228864323), ('prs', 0.9604598659681247), ('p1', 0.8127822923807062), ('ger', 0.794864322863668), ('vbhaver', 0.7610454255878426), ('cm', 0.692126212495307), ('p3', 0.5933942736381442), ('dem', 0.519529103045625)]
['Conjunct', 'P1', 'VFin', 'VPres', 's', 'VV', 'PlP1', 'Pl', 'VImper'] [('prs', 0.999999999999851), ('imp', 0.9999999999861555), ('p1', 0.9999999999278841), ('vbmod', 0.9999999995027636), ('vblex', 0.9999999853944527), ('pl', 0.9999983460149531), ('vbhaver', 0.9999965375489261), ('cm', 0.999948846719183), ('dem', 0.9999354634158799), ('ger', 0.9997196094615687), ('p3', 0.9979409140051845), ('def', 0.9853775093807654), ('pro', 0.8515505885284691), ('vbser', 0.7474390723688551), ('ind', 0.7474390723688551), ('pron', 0.7367348620513544), ('sg', 0.5068812112948883)]
['Acc', 'Nom', 'sp', 'Fem', 'Det', 'P_a', 's', 'P_de', 'CPrep'] [('prn', 0.9999993714508421), ('det', 0.9999953209793525), ('ind', 0.9999806333788761), ('m', 0.9999570433092497), ('tn', 0.9996827779534339), ('sg', 0.9996739632670443), ('qnt', 0.9965053469478428), ('mf', 0.9873641839287877), ('dem', 0.9769090705656944), ('pl', 0.976338348536238), ('def', 0.8759479358659062)]
['s', 'AdA'] [('preadv', 0.8490023225303237), ('sg', 0.5593865632298682), ('m', 0.5477641887322461), ('det', 0.5323426366989458), ('qnt', 0.5284046288114794), ('adv', 0.508920135384755)]
['Superl', 'Masc', 'Compar', 'A2V', 'AF', 'Fem', 's', 'Posit', 'Sg'] [('adj', 0.9999999989602878), ('mf', 0.9999999035314795), ('pron', 0.9999901560596862), ('sg', 0.9999302680288513), ('preadv', 0.9993025753730618), ('pp', 0.9991437252513581), ('cm', 0.997278817751724), ('qnt', 0.9955924035166841), ('vbhaver', 0.9936294305416921), ('dem', 0.9869118944451251), ('sp', 0.98394798185373), ('det', 0.9744377610744578), ('ind', 0.679303743784797)]
['Acc', 'Nom', 'comp', 'P_a', 's', 'ton', 'NP', 'P_de', 'CPrep'] [('prn', 0.9999999995013089), ('tn', 0.9999999830146795), ('m', 0.99999988595975), ('sg', 0.9999830945049345), ('predet', 0.99987338931514), ('nt', 0.9993762307794315), ('sp', 0.8851398827448637), ('pl', 0.8657336693205276), ('p2', 0.8512057032848933), ('p3', 0.8434833934096805), ('imp', 0.6117860270754187), ('pri', 0.6117860270754187)]
['s', 'title_Utt'] [('sg', 0.9779903948199601), ('m', 0.9769549420876786), ('n', 0.9755313179406591), ('adj', 0.9753379199593363)]
['s2', 'then_Conj'] [('cnjadv', 0.9983106371904774), ('adv', 0.7918914213619902)]
['Acc', 'Nom', 'sp', 'Masc', 'Fem', 'Det', 'P_a', 's', 'P_de', 'CPrep'] [('det', 0.9999994093353867), ('prn', 0.9999992472500686), ('ind', 0.999997381841503), ('m', 0.9999805532026697), ('sg', 0.9997858972077542), ('qnt', 0.9993246932141054), ('tn', 0.9986221676866064), ('mf', 0.9974460147689054), ('dem', 0.9949820400587842), ('pl', 0.9795065845560725), ('preadv', 0.8588192494669974), ('def', 0.7890826145498098), ('itg', 0.732894380438189)]
['comp', 'P_a', 's', 'ton', 'NP', 'CPrep'] [('prn', 0.9999963189384133), ('tn', 0.9999924585261055), ('m', 0.9999602217259427), ('sg', 0.9981260624172106), ('predet', 0.9926744646764111), ('nt', 0.9728034995453537), ('p2', 0.6156845557922462), ('p3', 0.5911580624518767), ('pl', 0.5497163828269613)]

